<?xml version="1.0" encoding="UTF-8" ?>
<testsuite errors="0" failures="0" hostname="Phex" name="de.dev.eth0.dummycreator.test.Main" tests="13" time="764.514" timestamp="2010-05-26T19:44:18">
  <properties>
[...]
</properties>
  <testcase classname="de.dev.eth0.dummycreator.test.Main" name="CheckObjectBindings" time="0.03" />
  <testcase classname="de.dev.eth0.dummycreator.test.Main" name="CheckMethodBindings" time="0.0050" />
  <testcase classname="de.dev.eth0.dummycreator.test.Main" name="CheckConstructorBindings" time="0.01" />
  <testcase classname="de.dev.eth0.dummycreator.test.Main" name="CheckInterfaceBindings" time="0.02" />
  <testcase classname="de.dev.eth0.dummycreator.test.Main" name="CheckStringCreation" time="0.0" />
  <testcase classname="de.dev.eth0.dummycreator.test.Main" name="CheckSimpleObjectCreation" time="0.0050" />
  <testcase classname="de.dev.eth0.dummycreator.test.Main" name="CheckPrimitiveClassCreation" time="0.01" />
  <testcase classname="de.dev.eth0.dummycreator.test.Main" name="CheckNormalClassCreation" time="0.0050" />
  <testcase classname="de.dev.eth0.dummycreator.test.Main" name="CheckLoopClassCreation" time="0.0050" />
  <testcase classname="de.dev.eth0.dummycreator.test.Main" name="CheckMultiConstructorClassCreation" time="0.015" />
  <testcase classname="de.dev.eth0.dummycreator.test.Main" name="CheckEnumClassCreation" time="0.015" />
  <testcase classname="de.dev.eth0.dummycreator.test.Main" name="CheckSomethingElse" time="0.095" />
  <testcase classname="de.dev.eth0.dummycreator.test.Main" name="Benchmark" time="764.018" />
  <system-out><![CDATA[CheckInterfaceBindings
String

Boolean
CheckConstructorBindings
Integer
CheckInterfaceBindings
ArrayList
Override Binding
CheckPrimitiveCreation
String
CheckSimpleObjectCreation
Byte

Long
CheckPrimitiveClassCreation
Primitive Class

Inherited Primitive Object
CheckNormalClassCreation
Normal Class
CheckLoopClassCreation
Loop Class
CheckMultiConstructorClassCreation
MultiConstructor Class
CheckEnumClassCreation
Enum Class

Array Object
0: 1punch7w6miay
0: 49
1: 112
2: 117
3: 110
4: 99
5: 104
6: 55
7: 119
8: 54
9: 109
10: 105
11: 97
12: 121
1: y7e9mhy2atll
0: 121
1: 55
2: 101
3: 57
4: 109
5: 104
6: 121
7: 50
8: 97
9: 116
10: 108
11: 108
2: u4rg6bif4146
0: 117
1: 52
2: 114
3: 103
4: 54
5: 98
6: 105
7: 102
8: 52
9: 49
10: 52
11: 54
3: cxafone3x4j1
0: 99
1: 120
2: 97
3: 102
4: 111
5: 110
6: 101
7: 51
8: 120
9: 52
10: 106
11: 49

Array of PrimitiveClass Object
0: de.dev.eth0.dummycreator.test.PrimitiveClass@31884174
get_int : 685945297
get_string : kdkskcdxlpmn
get_float : 0.080491185
get_short : -23494
get_double : 0.4153218949525317
get_byte : -1
get_long : 6117269983585310082
get_char : ?
getSecondDouble : 0.9803049757270106
1: de.dev.eth0.dummycreator.test.PrimitiveClass@68814013
get_int : -130047396
get_string : 1nns015d34q20
get_float : 0.34353507
get_short : -12579
get_double : 0.2783910223584525
get_byte : 124
get_long : -4760421911208200281
get_char : ?
getSecondDouble : 0.8740917058809388
2: de.dev.eth0.dummycreator.test.PrimitiveClass@7d95d4fe
get_int : 1500123818
get_string : mcp4x0t807nn
get_float : 0.8346964
get_short : 11598
get_double : 0.14688062314861472
get_byte : 117
get_long : -7178342341790118232
get_char : ?
getSecondDouble : 0.5607533172912615
3: de.dev.eth0.dummycreator.test.PrimitiveClass@77d2b01b
get_int : 997534804
get_string : z2ya9qab2sgh
get_float : 0.67786646
get_short : -31669
get_double : 0.3542708936153214
get_byte : -78
get_long : 3567789099144393260
get_char : ?
getSecondDouble : 0.4886154115339145
4: de.dev.eth0.dummycreator.test.PrimitiveClass@2927fa12
get_int : 1027446483
get_string : 8gbsk5m96p0f
get_float : 0.3525368
get_short : 22334
get_double : 0.029161279125768935
get_byte : -11
get_long : -3878040958622103520
get_char : ?
getSecondDouble : 0.5722407767297848
5: de.dev.eth0.dummycreator.test.PrimitiveClass@7f92c8d9
get_int : -1145912766
get_string : 10w46nhax55y6
get_float : 0.6403415
get_short : -23183
get_double : 0.5804878565939608
get_byte : -49
get_long : -8671402290969869842
get_char : ?
getSecondDouble : 0.7517276654987601
6: de.dev.eth0.dummycreator.test.PrimitiveClass@7dc05ffd
get_int : -2134538467
get_string : 10dv1x9mrzgns
get_float : 0.7943145
get_short : -21676
get_double : 0.12462023618773843
get_byte : 116
get_long : 8485975767829533130
get_char : ?
getSecondDouble : 0.4462659224374703
7: de.dev.eth0.dummycreator.test.PrimitiveClass@60de1b8a
get_int : 187785489
get_string : r73mnkrejk1b
get_float : 0.66628885
get_short : 14185
get_double : 0.7551511791373615
get_byte : 19
get_long : 943949397062569795
get_char : ?
getSecondDouble : 0.27850614597112877
8: de.dev.eth0.dummycreator.test.PrimitiveClass@3bc0f2e5
get_int : -854102706
get_string : 124mh2mov8ilm
get_float : 0.0036643744
get_short : -5965
get_double : 0.2793809865504049
get_byte : 96
get_long : 4398377749821980560
get_char : ?
getSecondDouble : 0.9460573993057628
9: de.dev.eth0.dummycreator.test.PrimitiveClass@788ab708
get_int : -201265966
get_string : 194t8w2vovi03
get_float : 0.9517602
get_short : -30533
get_double : 0.616700989354523
get_byte : 73
get_long : 2550495493275316559
get_char : ?
getSecondDouble : 0.351035237725569
10: de.dev.eth0.dummycreator.test.PrimitiveClass@5af6ac0b
get_int : 511666587
get_string : 1np7ocso25gwa
get_float : 0.7239293
get_short : -19059
get_double : 0.9531043620057026
get_byte : 17
get_long : -7561912636691585865
get_char : ?
getSecondDouble : 0.13871303448803018
11: de.dev.eth0.dummycreator.test.PrimitiveClass@789934d4
get_int : 784421337
get_string : t7j98t02rzrl
get_float : 0.34937143
get_short : -14283
get_double : 0.9969521410591367
get_byte : 78
get_long : -617960517154791318
get_char : ?
getSecondDouble : 0.6780203102809381
12: de.dev.eth0.dummycreator.test.PrimitiveClass@125b8827
get_int : 911144545
get_string : 1ivvkypevkacx
get_float : 0.8106286
get_short : 25253
get_double : 0.855427183558681
get_byte : 113
get_long : -473905562835261336
get_char : ?
getSecondDouble : 0.11682176764084884
13: de.dev.eth0.dummycreator.test.PrimitiveClass@6f649b44
get_int : 1350232604
get_string : jpruwu5182vf
get_float : 0.09172368
get_short : -7157
get_double : 0.9424496605721769
get_byte : -29
get_long : 6595077081872703442
get_char : ?
getSecondDouble : 0.038924546998070686
14: de.dev.eth0.dummycreator.test.PrimitiveClass@360dc67e
get_int : 1699010085
get_string : 1cgncm1rrfogf
get_float : 0.25306767
get_short : 15621
get_double : 0.6622204545722415
get_byte : -24
get_long : 7343972654611103615
get_char : ?
getSecondDouble : 0.36713587038599704
15: de.dev.eth0.dummycreator.test.PrimitiveClass@426295eb
get_int : 1946911437
get_string : um0q8mqn71mo
get_float : 0.44167775
get_short : -13008
get_double : 0.8704035726796809
get_byte : -74
get_long : 618391339283958420
get_char : ?
getSecondDouble : 0.6454928429451315

Array List Object
[]

List Object
[]

Benchmarking
Primitive Class
Time: 200205
Loop Class 
Time: 55131
MultiConstructor Class 
Time: 508678
]]></system-out>
  <system-err><![CDATA[]]></system-err>
</testsuite>
